<?xml version="1.0" encoding="UTF-8"?>
<coverage generated="1575132569818" clover="3.2.0">
  <project timestamp="1575132569818" name="All files">
    <metrics statements="79" coveredstatements="35" conditionals="48" coveredconditionals="25" methods="40" coveredmethods="16" elements="167" coveredelements="76" complexity="0" loc="79" ncloc="79" packages="4" files="8" classes="8"/>
    <package name="components">
      <metrics statements="7" coveredstatements="4" conditionals="6" coveredconditionals="4" methods="4" coveredmethods="3"/>
      <file name="Messages.js" path="D:\Work\react in ruby\dandelion_shop\app\react\components\Messages.js">
        <metrics statements="7" coveredstatements="4" conditionals="6" coveredconditionals="4" methods="4" coveredmethods="3"/>
        <line num="25" count="4" type="stmt"/>
        <line num="26" count="4" type="stmt"/>
        <line num="31" count="4" type="stmt"/>
        <line num="32" count="0" type="stmt"/>
        <line num="33" count="0" type="cond" truecount="0" falsecount="2"/>
        <line num="34" count="0" type="stmt"/>
        <line num="40" count="4" type="stmt"/>
      </file>
    </package>
    <package name="components.Account">
      <metrics statements="43" coveredstatements="22" conditionals="24" coveredconditionals="12" methods="25" coveredmethods="9"/>
      <file name="Account.js" path="D:\Work\react in ruby\dandelion_shop\app\react\components\Account\Account.js">
        <metrics statements="17" coveredstatements="7" conditionals="10" coveredconditionals="6" methods="9" coveredmethods="3"/>
        <line num="11" count="7" type="stmt"/>
        <line num="12" count="7" type="stmt"/>
        <line num="14" count="7" type="cond" truecount="2" falsecount="0"/>
        <line num="15" count="6" type="stmt"/>
        <line num="26" count="1" type="stmt"/>
        <line num="32" count="0" type="stmt"/>
        <line num="33" count="0" type="stmt"/>
        <line num="34" count="0" type="stmt"/>
        <line num="37" count="0" type="cond" truecount="0" falsecount="2"/>
        <line num="38" count="0" type="stmt"/>
        <line num="41" count="0" type="stmt"/>
        <line num="47" count="3" type="stmt"/>
        <line num="51" count="0" type="stmt"/>
        <line num="58" count="0" type="stmt"/>
        <line num="66" count="3" type="stmt"/>
        <line num="72" count="0" type="stmt"/>
        <line num="79" count="0" type="stmt"/>
      </file>
      <file name="EditAccount.js" path="D:\Work\react in ruby\dandelion_shop\app\react\components\Account\EditAccount.js">
        <metrics statements="1" coveredstatements="1" conditionals="0" coveredconditionals="0" methods="1" coveredmethods="1"/>
        <line num="5" count="1" type="stmt"/>
      </file>
      <file name="NewAdmin.js" path="D:\Work\react in ruby\dandelion_shop\app\react\components\Account\NewAdmin.js">
        <metrics statements="23" coveredstatements="12" conditionals="14" coveredconditionals="6" methods="13" coveredmethods="3"/>
        <line num="9" count="3" type="cond" truecount="0" falsecount="2"/>
        <line num="13" count="3" type="cond" truecount="2" falsecount="0"/>
        <line num="14" count="3" type="stmt"/>
        <line num="15" count="3" type="stmt"/>
        <line num="16" count="3" type="stmt"/>
        <line num="18" count="3" type="stmt"/>
        <line num="19" count="3" type="stmt"/>
        <line num="22" count="0" type="stmt"/>
        <line num="23" count="0" type="stmt"/>
        <line num="24" count="0" type="stmt"/>
        <line num="29" count="0" type="stmt"/>
        <line num="32" count="0" type="stmt"/>
        <line num="35" count="0" type="stmt"/>
        <line num="39" count="0" type="stmt"/>
        <line num="42" count="0" type="stmt"/>
        <line num="45" count="0" type="stmt"/>
        <line num="49" count="3" type="stmt"/>
        <line num="50" count="3" type="stmt"/>
        <line num="51" count="0" type="stmt"/>
        <line num="62" count="3" type="cond" truecount="2" falsecount="0"/>
        <line num="63" count="1" type="stmt"/>
        <line num="73" count="0" type="stmt"/>
        <line num="79" count="2" type="stmt"/>
      </file>
      <file name="ResetPassword.js" path="D:\Work\react in ruby\dandelion_shop\app\react\components\Account\ResetPassword.js">
        <metrics statements="1" coveredstatements="1" conditionals="0" coveredconditionals="0" methods="1" coveredmethods="1"/>
        <line num="5" count="1" type="stmt"/>
      </file>
      <file name="SignUp.js" path="D:\Work\react in ruby\dandelion_shop\app\react\components\Account\SignUp.js">
        <metrics statements="1" coveredstatements="1" conditionals="0" coveredconditionals="0" methods="1" coveredmethods="1"/>
        <line num="5" count="1" type="stmt"/>
      </file>
    </package>
    <package name="components.Header">
      <metrics statements="6" coveredstatements="6" conditionals="2" coveredconditionals="2" methods="3" coveredmethods="3"/>
      <file name="Header.js" path="D:\Work\react in ruby\dandelion_shop\app\react\components\Header\Header.js">
        <metrics statements="6" coveredstatements="6" conditionals="2" coveredconditionals="2" methods="3" coveredmethods="3"/>
        <line num="5" count="2" type="stmt"/>
        <line num="6" count="2" type="stmt"/>
        <line num="11" count="2" type="cond" truecount="2" falsecount="0"/>
        <line num="12" count="1" type="stmt"/>
        <line num="15" count="1" type="stmt"/>
        <line num="19" count="4" type="stmt"/>
      </file>
    </package>
    <package name="components.Products">
      <metrics statements="23" coveredstatements="3" conditionals="16" coveredconditionals="7" methods="8" coveredmethods="1"/>
      <file name="Product.js" path="D:\Work\react in ruby\dandelion_shop\app\react\components\Products\Product.js">
        <metrics statements="23" coveredstatements="3" conditionals="16" coveredconditionals="7" methods="8" coveredmethods="1"/>
        <line num="10" count="9" type="stmt"/>
        <line num="11" count="9" type="stmt"/>
        <line num="14" count="0" type="stmt"/>
        <line num="17" count="0" type="cond" truecount="0" falsecount="2"/>
        <line num="18" count="0" type="stmt"/>
        <line num="21" count="0" type="stmt"/>
        <line num="26" count="0" type="stmt"/>
        <line num="27" count="0" type="stmt"/>
        <line num="28" count="0" type="stmt"/>
        <line num="30" count="0" type="cond" truecount="0" falsecount="2"/>
        <line num="31" count="0" type="stmt"/>
        <line num="32" count="0" type="stmt"/>
        <line num="33" count="0" type="cond" truecount="0" falsecount="2"/>
        <line num="34" count="0" type="stmt"/>
        <line num="35" count="0" type="stmt"/>
        <line num="39" count="0" type="cond" truecount="0" falsecount="2"/>
        <line num="40" count="0" type="stmt"/>
        <line num="44" count="0" type="stmt"/>
        <line num="46" count="0" type="stmt"/>
        <line num="49" count="9" type="stmt"/>
        <line num="62" count="0" type="cond" truecount="2" falsecount="0"/>
        <line num="64" count="0" type="stmt"/>
        <line num="69" count="0" type="stmt"/>
      </file>
    </package>
  </project>
</coverage>
