{"D:\\Work\\react in ruby\\dandelion_shop\\app\\react\\components\\Messages.js": {"path":"D:\\Work\\react in ruby\\dandelion_shop\\app\\react\\components\\Messages.js","statementMap":{"0":{"start":{"line":25,"column":8},"end":{"line":25,"column":21}},"1":{"start":{"line":26,"column":8},"end":{"line":28,"column":9}},"2":{"start":{"line":31,"column":8},"end":{"line":36,"column":9}},"3":{"start":{"line":32,"column":12},"end":{"line":32,"column":31}},"4":{"start":{"line":33,"column":12},"end":{"line":35,"column":13}},"5":{"start":{"line":34,"column":16},"end":{"line":34,"column":34}},"6":{"start":{"line":40,"column":8},"end":{"line":46,"column":9}}},"fnMap":{"0":{"name":"(anonymous_0)","decl":{"start":{"line":24,"column":4},"end":{"line":24,"column":5}},"loc":{"start":{"line":24,"column":23},"end":{"line":29,"column":5}},"line":24},"1":{"name":"(anonymous_1)","decl":{"start":{"line":30,"column":4},"end":{"line":30,"column":5}},"loc":{"start":{"line":30,"column":24},"end":{"line":37,"column":5}},"line":30},"2":{"name":"(anonymous_2)","decl":{"start":{"line":31,"column":25},"end":{"line":31,"column":26}},"loc":{"start":{"line":31,"column":41},"end":{"line":36,"column":9}},"line":31},"3":{"name":"(anonymous_3)","decl":{"start":{"line":39,"column":4},"end":{"line":39,"column":5}},"loc":{"start":{"line":39,"column":13},"end":{"line":47,"column":5}},"line":39}},"branchMap":{"0":{"loc":{"start":{"line":33,"column":12},"end":{"line":35,"column":13}},"type":"if","locations":[{"start":{"line":33,"column":12},"end":{"line":35,"column":13}},{"start":{"line":33,"column":12},"end":{"line":35,"column":13}}],"line":33},"1":{"loc":{"start":{"line":42,"column":87},"end":{"line":42,"column":131}},"type":"cond-expr","locations":[{"start":{"line":42,"column":106},"end":{"line":42,"column":122}},{"start":{"line":42,"column":125},"end":{"line":42,"column":131}}],"line":42},"2":{"loc":{"start":{"line":43,"column":25},"end":{"line":43,"column":76}},"type":"cond-expr","locations":[{"start":{"line":43,"column":46},"end":{"line":43,"column":64}},{"start":{"line":43,"column":67},"end":{"line":43,"column":76}}],"line":43}},"s":{"0":4,"1":4,"2":4,"3":0,"4":0,"5":0,"6":4},"f":{"0":4,"1":4,"2":0,"3":4},"b":{"0":[0,0],"1":[2,2],"2":[2,2]},"_coverageSchema":"43e27e138ebf9cfc5966b082cf9a028302ed4184","hash":"672a31e1a6d16bb5b6991746f8d56d4414289578"}
,"D:\\Work\\react in ruby\\dandelion_shop\\app\\react\\components\\Account\\Account.js": {"path":"D:\\Work\\react in ruby\\dandelion_shop\\app\\react\\components\\Account\\Account.js","statementMap":{"0":{"start":{"line":11,"column":30},"end":{"line":11,"column":45}},"1":{"start":{"line":12,"column":28},"end":{"line":12,"column":48}},"2":{"start":{"line":14,"column":4},"end":{"line":27,"column":5}},"3":{"start":{"line":15,"column":8},"end":{"line":23,"column":9}},"4":{"start":{"line":26,"column":8},"end":{"line":26,"column":34}},"5":{"start":{"line":32,"column":20},"end":{"line":32,"column":33}},"6":{"start":{"line":33,"column":4},"end":{"line":33,"column":104}},"7":{"start":{"line":34,"column":4},"end":{"line":43,"column":10}},"8":{"start":{"line":37,"column":12},"end":{"line":42,"column":13}},"9":{"start":{"line":38,"column":16},"end":{"line":38,"column":37}},"10":{"start":{"line":41,"column":16},"end":{"line":41,"column":30}},"11":{"start":{"line":47,"column":4},"end":{"line":62,"column":5}},"12":{"start":{"line":51,"column":43},"end":{"line":51,"column":71}},"13":{"start":{"line":58,"column":111},"end":{"line":58,"column":126}},"14":{"start":{"line":66,"column":4},"end":{"line":83,"column":5}},"15":{"start":{"line":72,"column":43},"end":{"line":72,"column":71}},"16":{"start":{"line":79,"column":111},"end":{"line":79,"column":126}}},"fnMap":{"0":{"name":"Account","decl":{"start":{"line":10,"column":24},"end":{"line":10,"column":31}},"loc":{"start":{"line":10,"column":39},"end":{"line":28,"column":1}},"line":10},"1":{"name":"handleNewOrder","decl":{"start":{"line":31,"column":9},"end":{"line":31,"column":23}},"loc":{"start":{"line":31,"column":28},"end":{"line":44,"column":1}},"line":31},"2":{"name":"(anonymous_2)","decl":{"start":{"line":36,"column":14},"end":{"line":36,"column":15}},"loc":{"start":{"line":36,"column":28},"end":{"line":43,"column":9}},"line":36},"3":{"name":"User","decl":{"start":{"line":46,"column":9},"end":{"line":46,"column":13}},"loc":{"start":{"line":46,"column":48},"end":{"line":63,"column":1}},"line":46},"4":{"name":"(anonymous_4)","decl":{"start":{"line":51,"column":37},"end":{"line":51,"column":38}},"loc":{"start":{"line":51,"column":43},"end":{"line":51,"column":71}},"line":51},"5":{"name":"(anonymous_5)","decl":{"start":{"line":58,"column":105},"end":{"line":58,"column":106}},"loc":{"start":{"line":58,"column":111},"end":{"line":58,"column":126}},"line":58},"6":{"name":"Admin","decl":{"start":{"line":65,"column":9},"end":{"line":65,"column":14}},"loc":{"start":{"line":65,"column":49},"end":{"line":84,"column":1}},"line":65},"7":{"name":"(anonymous_7)","decl":{"start":{"line":72,"column":37},"end":{"line":72,"column":38}},"loc":{"start":{"line":72,"column":43},"end":{"line":72,"column":71}},"line":72},"8":{"name":"(anonymous_8)","decl":{"start":{"line":79,"column":105},"end":{"line":79,"column":106}},"loc":{"start":{"line":79,"column":111},"end":{"line":79,"column":126}},"line":79}},"branchMap":{"0":{"loc":{"start":{"line":14,"column":4},"end":{"line":27,"column":5}},"type":"if","locations":[{"start":{"line":14,"column":4},"end":{"line":27,"column":5}},{"start":{"line":14,"column":4},"end":{"line":27,"column":5}}],"line":14},"1":{"loc":{"start":{"line":18,"column":18},"end":{"line":20,"column":94}},"type":"cond-expr","locations":[{"start":{"line":19,"column":22},"end":{"line":19,"column":95}},{"start":{"line":20,"column":22},"end":{"line":20,"column":94}}],"line":18},"2":{"loc":{"start":{"line":37,"column":12},"end":{"line":42,"column":13}},"type":"if","locations":[{"start":{"line":37,"column":12},"end":{"line":42,"column":13}},{"start":{"line":37,"column":12},"end":{"line":42,"column":13}}],"line":37},"3":{"loc":{"start":{"line":57,"column":13},"end":{"line":59,"column":22}},"type":"cond-expr","locations":[{"start":{"line":58,"column":18},"end":{"line":58,"column":130}},{"start":{"line":59,"column":18},"end":{"line":59,"column":22}}],"line":57},"4":{"loc":{"start":{"line":78,"column":13},"end":{"line":80,"column":22}},"type":"cond-expr","locations":[{"start":{"line":79,"column":18},"end":{"line":79,"column":130}},{"start":{"line":80,"column":18},"end":{"line":80,"column":22}}],"line":78}},"s":{"0":7,"1":7,"2":7,"3":6,"4":1,"5":0,"6":0,"7":0,"8":0,"9":0,"10":0,"11":3,"12":0,"13":0,"14":3,"15":0,"16":0},"f":{"0":7,"1":0,"2":0,"3":3,"4":0,"5":0,"6":3,"7":0,"8":0},"b":{"0":[6,1],"1":[3,3],"2":[0,0],"3":[0,3],"4":[0,3]},"_coverageSchema":"43e27e138ebf9cfc5966b082cf9a028302ed4184","hash":"62a45a762015201bbfc183a661a1e244af9068a7"}
,"D:\\Work\\react in ruby\\dandelion_shop\\app\\react\\components\\Account\\EditAccount.js": {"path":"D:\\Work\\react in ruby\\dandelion_shop\\app\\react\\components\\Account\\EditAccount.js","statementMap":{"0":{"start":{"line":5,"column":4},"end":{"line":40,"column":5}}},"fnMap":{"0":{"name":"EditAccount","decl":{"start":{"line":4,"column":24},"end":{"line":4,"column":35}},"loc":{"start":{"line":4,"column":43},"end":{"line":41,"column":1}},"line":4}},"branchMap":{},"s":{"0":1},"f":{"0":1},"b":{},"_coverageSchema":"43e27e138ebf9cfc5966b082cf9a028302ed4184","hash":"0bd68c8126c30954b6bf760dd70f0be4d58e2e8f"}
,"D:\\Work\\react in ruby\\dandelion_shop\\app\\react\\components\\Account\\NewAdmin.js": {"path":"D:\\Work\\react in ruby\\dandelion_shop\\app\\react\\components\\Account\\NewAdmin.js","statementMap":{"0":{"start":{"line":9,"column":4},"end":{"line":9,"column":45}},"1":{"start":{"line":9,"column":23},"end":{"line":9,"column":43}},"2":{"start":{"line":13,"column":32},"end":{"line":13,"column":93}},"3":{"start":{"line":14,"column":38},"end":{"line":14,"column":50}},"4":{"start":{"line":15,"column":28},"end":{"line":15,"column":43}},"5":{"start":{"line":16,"column":30},"end":{"line":16,"column":45}},"6":{"start":{"line":18,"column":4},"end":{"line":26,"column":11}},"7":{"start":{"line":19,"column":8},"end":{"line":25,"column":14}},"8":{"start":{"line":22,"column":16},"end":{"line":22,"column":42}},"9":{"start":{"line":23,"column":16},"end":{"line":23,"column":43}},"10":{"start":{"line":24,"column":16},"end":{"line":24,"column":29}},"11":{"start":{"line":29,"column":8},"end":{"line":36,"column":15}},"12":{"start":{"line":32,"column":16},"end":{"line":32,"column":40}},"13":{"start":{"line":35,"column":16},"end":{"line":35,"column":30}},"14":{"start":{"line":39,"column":8},"end":{"line":46,"column":15}},"15":{"start":{"line":42,"column":16},"end":{"line":42,"column":40}},"16":{"start":{"line":45,"column":16},"end":{"line":45,"column":30}},"17":{"start":{"line":49,"column":4},"end":{"line":49,"column":24}},"18":{"start":{"line":50,"column":18},"end":{"line":60,"column":6}},"19":{"start":{"line":51,"column":8},"end":{"line":59,"column":9}},"20":{"start":{"line":62,"column":4},"end":{"line":80,"column":5}},"21":{"start":{"line":63,"column":8},"end":{"line":76,"column":9}},"22":{"start":{"line":73,"column":38},"end":{"line":73,"column":53}},"23":{"start":{"line":79,"column":8},"end":{"line":79,"column":34}}},"fnMap":{"0":{"name":"sortById","decl":{"start":{"line":8,"column":9},"end":{"line":8,"column":17}},"loc":{"start":{"line":8,"column":23},"end":{"line":10,"column":1}},"line":8},"1":{"name":"(anonymous_1)","decl":{"start":{"line":9,"column":13},"end":{"line":9,"column":14}},"loc":{"start":{"line":9,"column":23},"end":{"line":9,"column":43}},"line":9},"2":{"name":"NewAdmin","decl":{"start":{"line":12,"column":24},"end":{"line":12,"column":32}},"loc":{"start":{"line":12,"column":40},"end":{"line":81,"column":1}},"line":12},"3":{"name":"(anonymous_3)","decl":{"start":{"line":18,"column":14},"end":{"line":18,"column":15}},"loc":{"start":{"line":18,"column":20},"end":{"line":26,"column":5}},"line":18},"4":{"name":"(anonymous_4)","decl":{"start":{"line":21,"column":18},"end":{"line":21,"column":19}},"loc":{"start":{"line":21,"column":30},"end":{"line":25,"column":13}},"line":21},"5":{"name":"handleAdmin","decl":{"start":{"line":28,"column":13},"end":{"line":28,"column":24}},"loc":{"start":{"line":28,"column":28},"end":{"line":37,"column":5}},"line":28},"6":{"name":"(anonymous_6)","decl":{"start":{"line":31,"column":18},"end":{"line":31,"column":19}},"loc":{"start":{"line":31,"column":32},"end":{"line":33,"column":13}},"line":31},"7":{"name":"(anonymous_7)","decl":{"start":{"line":34,"column":19},"end":{"line":34,"column":20}},"loc":{"start":{"line":34,"column":30},"end":{"line":36,"column":13}},"line":34},"8":{"name":"handleUser","decl":{"start":{"line":38,"column":13},"end":{"line":38,"column":23}},"loc":{"start":{"line":38,"column":27},"end":{"line":47,"column":5}},"line":38},"9":{"name":"(anonymous_9)","decl":{"start":{"line":41,"column":18},"end":{"line":41,"column":19}},"loc":{"start":{"line":41,"column":32},"end":{"line":43,"column":13}},"line":41},"10":{"name":"(anonymous_10)","decl":{"start":{"line":44,"column":19},"end":{"line":44,"column":20}},"loc":{"start":{"line":44,"column":30},"end":{"line":46,"column":13}},"line":44},"11":{"name":"(anonymous_11)","decl":{"start":{"line":50,"column":32},"end":{"line":50,"column":33}},"loc":{"start":{"line":50,"column":51},"end":{"line":60,"column":5}},"line":50},"12":{"name":"(anonymous_12)","decl":{"start":{"line":73,"column":32},"end":{"line":73,"column":33}},"loc":{"start":{"line":73,"column":38},"end":{"line":73,"column":53}},"line":73}},"branchMap":{"0":{"loc":{"start":{"line":9,"column":23},"end":{"line":9,"column":43}},"type":"cond-expr","locations":[{"start":{"line":9,"column":37},"end":{"line":9,"column":38}},{"start":{"line":9,"column":41},"end":{"line":9,"column":43}}],"line":9},"1":{"loc":{"start":{"line":13,"column":42},"end":{"line":13,"column":91}},"type":"cond-expr","locations":[{"start":{"line":13,"column":64},"end":{"line":13,"column":68}},{"start":{"line":13,"column":71},"end":{"line":13,"column":91}}],"line":13},"2":{"loc":{"start":{"line":53,"column":54},"end":{"line":53,"column":102}},"type":"cond-expr","locations":[{"start":{"line":53,"column":70},"end":{"line":53,"column":85}},{"start":{"line":53,"column":88},"end":{"line":53,"column":102}}],"line":53},"3":{"loc":{"start":{"line":54,"column":18},"end":{"line":56,"column":103}},"type":"cond-expr","locations":[{"start":{"line":55,"column":22},"end":{"line":55,"column":104}},{"start":{"line":56,"column":22},"end":{"line":56,"column":103}}],"line":54},"4":{"loc":{"start":{"line":62,"column":4},"end":{"line":80,"column":5}},"type":"if","locations":[{"start":{"line":62,"column":4},"end":{"line":80,"column":5}},{"start":{"line":62,"column":4},"end":{"line":80,"column":5}}],"line":62},"5":{"loc":{"start":{"line":68,"column":19},"end":{"line":68,"column":54}},"type":"cond-expr","locations":[{"start":{"line":68,"column":26},"end":{"line":68,"column":31}},{"start":{"line":68,"column":34},"end":{"line":68,"column":54}}],"line":68},"6":{"loc":{"start":{"line":70,"column":17},"end":{"line":73,"column":63}},"type":"cond-expr","locations":[{"start":{"line":70,"column":25},"end":{"line":73,"column":56}},{"start":{"line":73,"column":59},"end":{"line":73,"column":63}}],"line":70}},"s":{"0":3,"1":0,"2":3,"3":3,"4":3,"5":3,"6":3,"7":3,"8":0,"9":0,"10":0,"11":0,"12":0,"13":0,"14":0,"15":0,"16":0,"17":3,"18":3,"19":0,"20":3,"21":1,"22":0,"23":2},"f":{"0":3,"1":0,"2":3,"3":3,"4":0,"5":0,"6":0,"7":0,"8":0,"9":0,"10":0,"11":0,"12":0},"b":{"0":[0,0],"1":[1,2],"2":[0,0],"3":[0,0],"4":[1,2],"5":[0,1],"6":[0,1]},"_coverageSchema":"43e27e138ebf9cfc5966b082cf9a028302ed4184","hash":"a4213d83b8c2c88f2dfa495f31445299439096da"}
,"D:\\Work\\react in ruby\\dandelion_shop\\app\\react\\components\\Account\\ResetPassword.js": {"path":"D:\\Work\\react in ruby\\dandelion_shop\\app\\react\\components\\Account\\ResetPassword.js","statementMap":{"0":{"start":{"line":5,"column":4},"end":{"line":28,"column":5}}},"fnMap":{"0":{"name":"ResetPassword","decl":{"start":{"line":4,"column":24},"end":{"line":4,"column":37}},"loc":{"start":{"line":4,"column":41},"end":{"line":29,"column":1}},"line":4}},"branchMap":{},"s":{"0":1},"f":{"0":1},"b":{},"_coverageSchema":"43e27e138ebf9cfc5966b082cf9a028302ed4184","hash":"a4e6a83d5cdf7b96d71c81e6d4a97acfef55929c"}
,"D:\\Work\\react in ruby\\dandelion_shop\\app\\react\\components\\Account\\SignUp.js": {"path":"D:\\Work\\react in ruby\\dandelion_shop\\app\\react\\components\\Account\\SignUp.js","statementMap":{"0":{"start":{"line":5,"column":4},"end":{"line":34,"column":5}}},"fnMap":{"0":{"name":"SignUp","decl":{"start":{"line":4,"column":24},"end":{"line":4,"column":30}},"loc":{"start":{"line":4,"column":34},"end":{"line":35,"column":1}},"line":4}},"branchMap":{},"s":{"0":1},"f":{"0":1},"b":{},"_coverageSchema":"43e27e138ebf9cfc5966b082cf9a028302ed4184","hash":"5c4d2b51037ee4b98d2526d4324997ffa55c91b1"}
,"D:\\Work\\react in ruby\\dandelion_shop\\app\\react\\components\\Header\\Header.js": {"path":"D:\\Work\\react in ruby\\dandelion_shop\\app\\react\\components\\Header\\Header.js","statementMap":{"0":{"start":{"line":5,"column":8},"end":{"line":5,"column":21}},"1":{"start":{"line":6,"column":8},"end":{"line":8,"column":9}},"2":{"start":{"line":11,"column":8},"end":{"line":16,"column":9}},"3":{"start":{"line":12,"column":12},"end":{"line":12,"column":64}},"4":{"start":{"line":15,"column":12},"end":{"line":15,"column":67}},"5":{"start":{"line":19,"column":8},"end":{"line":26,"column":9}}},"fnMap":{"0":{"name":"(anonymous_0)","decl":{"start":{"line":4,"column":4},"end":{"line":4,"column":5}},"loc":{"start":{"line":4,"column":23},"end":{"line":9,"column":5}},"line":4},"1":{"name":"(anonymous_1)","decl":{"start":{"line":10,"column":4},"end":{"line":10,"column":5}},"loc":{"start":{"line":10,"column":24},"end":{"line":17,"column":5}},"line":10},"2":{"name":"(anonymous_2)","decl":{"start":{"line":18,"column":4},"end":{"line":18,"column":5}},"loc":{"start":{"line":18,"column":13},"end":{"line":27,"column":5}},"line":18}},"branchMap":{"0":{"loc":{"start":{"line":11,"column":8},"end":{"line":16,"column":9}},"type":"if","locations":[{"start":{"line":11,"column":8},"end":{"line":16,"column":9}},{"start":{"line":11,"column":8},"end":{"line":16,"column":9}}],"line":11}},"s":{"0":2,"1":2,"2":2,"3":1,"4":1,"5":4},"f":{"0":2,"1":2,"2":4},"b":{"0":[1,1]},"_coverageSchema":"43e27e138ebf9cfc5966b082cf9a028302ed4184","hash":"2ec4e7f205f48e418aeb9be80a3f75f3244b3443"}
,"D:\\Work\\react in ruby\\dandelion_shop\\app\\react\\components\\Products\\Product.js": {"path":"D:\\Work\\react in ruby\\dandelion_shop\\app\\react\\components\\Products\\Product.js","statementMap":{"0":{"start":{"line":10,"column":28},"end":{"line":10,"column":53}},"1":{"start":{"line":11,"column":30},"end":{"line":11,"column":45}},"2":{"start":{"line":14,"column":8},"end":{"line":23,"column":14}},"3":{"start":{"line":17,"column":16},"end":{"line":22,"column":17}},"4":{"start":{"line":18,"column":20},"end":{"line":18,"column":44}},"5":{"start":{"line":21,"column":20},"end":{"line":21,"column":34}},"6":{"start":{"line":26,"column":24},"end":{"line":26,"column":37}},"7":{"start":{"line":27,"column":28},"end":{"line":27,"column":54}},"8":{"start":{"line":28,"column":8},"end":{"line":28,"column":47}},"9":{"start":{"line":30,"column":8},"end":{"line":45,"column":9}},"10":{"start":{"line":31,"column":23},"end":{"line":31,"column":28}},"11":{"start":{"line":32,"column":12},"end":{"line":37,"column":15}},"12":{"start":{"line":33,"column":16},"end":{"line":36,"column":17}},"13":{"start":{"line":34,"column":20},"end":{"line":34,"column":38}},"14":{"start":{"line":35,"column":20},"end":{"line":35,"column":32}},"15":{"start":{"line":39,"column":12},"end":{"line":41,"column":13}},"16":{"start":{"line":40,"column":16},"end":{"line":40,"column":73}},"17":{"start":{"line":44,"column":12},"end":{"line":44,"column":69}},"18":{"start":{"line":46,"column":8},"end":{"line":46,"column":47}},"19":{"start":{"line":49,"column":4},"end":{"line":73,"column":5}},"20":{"start":{"line":62,"column":89},"end":{"line":62,"column":114}},"21":{"start":{"line":64,"column":39},"end":{"line":64,"column":66}},"22":{"start":{"line":69,"column":111},"end":{"line":69,"column":126}}},"fnMap":{"0":{"name":"Product","decl":{"start":{"line":9,"column":24},"end":{"line":9,"column":31}},"loc":{"start":{"line":9,"column":39},"end":{"line":74,"column":1}},"line":9},"1":{"name":"handleChange","decl":{"start":{"line":13,"column":13},"end":{"line":13,"column":25}},"loc":{"start":{"line":13,"column":30},"end":{"line":24,"column":5}},"line":13},"2":{"name":"(anonymous_2)","decl":{"start":{"line":16,"column":18},"end":{"line":16,"column":19}},"loc":{"start":{"line":16,"column":32},"end":{"line":23,"column":13}},"line":16},"3":{"name":"handleAddItem","decl":{"start":{"line":25,"column":13},"end":{"line":25,"column":26}},"loc":{"start":{"line":25,"column":33},"end":{"line":47,"column":5}},"line":25},"4":{"name":"(anonymous_4)","decl":{"start":{"line":32,"column":41},"end":{"line":32,"column":42}},"loc":{"start":{"line":32,"column":52},"end":{"line":37,"column":13}},"line":32},"5":{"name":"(anonymous_5)","decl":{"start":{"line":62,"column":83},"end":{"line":62,"column":84}},"loc":{"start":{"line":62,"column":89},"end":{"line":62,"column":114}},"line":62},"6":{"name":"(anonymous_6)","decl":{"start":{"line":64,"column":33},"end":{"line":64,"column":34}},"loc":{"start":{"line":64,"column":39},"end":{"line":64,"column":66}},"line":64},"7":{"name":"(anonymous_7)","decl":{"start":{"line":69,"column":105},"end":{"line":69,"column":106}},"loc":{"start":{"line":69,"column":111},"end":{"line":69,"column":126}},"line":69}},"branchMap":{"0":{"loc":{"start":{"line":17,"column":16},"end":{"line":22,"column":17}},"type":"if","locations":[{"start":{"line":17,"column":16},"end":{"line":22,"column":17}},{"start":{"line":17,"column":16},"end":{"line":22,"column":17}}],"line":17},"1":{"loc":{"start":{"line":30,"column":8},"end":{"line":45,"column":9}},"type":"if","locations":[{"start":{"line":30,"column":8},"end":{"line":45,"column":9}},{"start":{"line":30,"column":8},"end":{"line":45,"column":9}}],"line":30},"2":{"loc":{"start":{"line":33,"column":16},"end":{"line":36,"column":17}},"type":"if","locations":[{"start":{"line":33,"column":16},"end":{"line":36,"column":17}},{"start":{"line":33,"column":16},"end":{"line":36,"column":17}}],"line":33},"3":{"loc":{"start":{"line":39,"column":12},"end":{"line":41,"column":13}},"type":"if","locations":[{"start":{"line":39,"column":12},"end":{"line":41,"column":13}},{"start":{"line":39,"column":12},"end":{"line":41,"column":13}}],"line":39},"4":{"loc":{"start":{"line":52,"column":41},"end":{"line":54,"column":97}},"type":"cond-expr","locations":[{"start":{"line":53,"column":22},"end":{"line":53,"column":57}},{"start":{"line":54,"column":22},"end":{"line":54,"column":97}}],"line":52},"5":{"loc":{"start":{"line":62,"column":37},"end":{"line":62,"column":63}},"type":"cond-expr","locations":[{"start":{"line":62,"column":52},"end":{"line":62,"column":54}},{"start":{"line":62,"column":57},"end":{"line":62,"column":63}}],"line":62},"6":{"loc":{"start":{"line":63,"column":87},"end":{"line":63,"column":112}},"type":"cond-expr","locations":[{"start":{"line":63,"column":101},"end":{"line":63,"column":103}},{"start":{"line":63,"column":106},"end":{"line":63,"column":112}}],"line":63},"7":{"loc":{"start":{"line":68,"column":13},"end":{"line":70,"column":22}},"type":"cond-expr","locations":[{"start":{"line":69,"column":18},"end":{"line":69,"column":130}},{"start":{"line":70,"column":18},"end":{"line":70,"column":22}}],"line":68}},"s":{"0":9,"1":9,"2":0,"3":0,"4":0,"5":0,"6":0,"7":0,"8":0,"9":0,"10":0,"11":0,"12":0,"13":0,"14":0,"15":0,"16":0,"17":0,"18":0,"19":9,"20":0,"21":0,"22":0},"f":{"0":9,"1":0,"2":0,"3":0,"4":0,"5":0,"6":0,"7":0},"b":{"0":[0,0],"1":[0,0],"2":[0,0],"3":[0,0],"4":[5,4],"5":[8,1],"6":[7,2],"7":[0,9]},"_coverageSchema":"43e27e138ebf9cfc5966b082cf9a028302ed4184","hash":"ffab225ed2e13a0453ed140b7a4b898199094704"}
}
