TN:
SF:D:\Work\react in ruby\dandelion_shop\app\react\components\Messages.js
FN:24,(anonymous_0)
FN:30,(anonymous_1)
FN:31,(anonymous_2)
FN:39,(anonymous_3)
FNF:4
FNH:3
FNDA:4,(anonymous_0)
FNDA:4,(anonymous_1)
FNDA:0,(anonymous_2)
FNDA:4,(anonymous_3)
DA:25,4
DA:26,4
DA:31,4
DA:32,0
DA:33,0
DA:34,0
DA:40,4
LF:7
LH:4
BRDA:33,0,0,0
BRDA:33,0,1,0
BRDA:42,1,0,2
BRDA:42,1,1,2
BRDA:43,2,0,2
BRDA:43,2,1,2
BRF:6
BRH:4
end_of_record
TN:
SF:D:\Work\react in ruby\dandelion_shop\app\react\components\Account\Account.js
FN:10,Account
FN:31,handleNewOrder
FN:36,(anonymous_2)
FN:46,User
FN:51,(anonymous_4)
FN:58,(anonymous_5)
FN:65,Admin
FN:72,(anonymous_7)
FN:79,(anonymous_8)
FNF:9
FNH:3
FNDA:7,Account
FNDA:0,handleNewOrder
FNDA:0,(anonymous_2)
FNDA:3,User
FNDA:0,(anonymous_4)
FNDA:0,(anonymous_5)
FNDA:3,Admin
FNDA:0,(anonymous_7)
FNDA:0,(anonymous_8)
DA:11,7
DA:12,7
DA:14,7
DA:15,6
DA:26,1
DA:32,0
DA:33,0
DA:34,0
DA:37,0
DA:38,0
DA:41,0
DA:47,3
DA:51,0
DA:58,0
DA:66,3
DA:72,0
DA:79,0
LF:17
LH:7
BRDA:14,0,0,6
BRDA:14,0,1,1
BRDA:18,1,0,3
BRDA:18,1,1,3
BRDA:37,2,0,0
BRDA:37,2,1,0
BRDA:57,3,0,0
BRDA:57,3,1,3
BRDA:78,4,0,0
BRDA:78,4,1,3
BRF:10
BRH:6
end_of_record
TN:
SF:D:\Work\react in ruby\dandelion_shop\app\react\components\Account\EditAccount.js
FN:4,EditAccount
FNF:1
FNH:1
FNDA:1,EditAccount
DA:5,1
LF:1
LH:1
BRF:0
BRH:0
end_of_record
TN:
SF:D:\Work\react in ruby\dandelion_shop\app\react\components\Account\NewAdmin.js
FN:8,sortById
FN:9,(anonymous_1)
FN:12,NewAdmin
FN:18,(anonymous_3)
FN:21,(anonymous_4)
FN:28,handleAdmin
FN:31,(anonymous_6)
FN:34,(anonymous_7)
FN:38,handleUser
FN:41,(anonymous_9)
FN:44,(anonymous_10)
FN:50,(anonymous_11)
FN:73,(anonymous_12)
FNF:13
FNH:3
FNDA:3,sortById
FNDA:0,(anonymous_1)
FNDA:3,NewAdmin
FNDA:3,(anonymous_3)
FNDA:0,(anonymous_4)
FNDA:0,handleAdmin
FNDA:0,(anonymous_6)
FNDA:0,(anonymous_7)
FNDA:0,handleUser
FNDA:0,(anonymous_9)
FNDA:0,(anonymous_10)
FNDA:0,(anonymous_11)
FNDA:0,(anonymous_12)
DA:9,3
DA:13,3
DA:14,3
DA:15,3
DA:16,3
DA:18,3
DA:19,3
DA:22,0
DA:23,0
DA:24,0
DA:29,0
DA:32,0
DA:35,0
DA:39,0
DA:42,0
DA:45,0
DA:49,3
DA:50,3
DA:51,0
DA:62,3
DA:63,1
DA:73,0
DA:79,2
LF:23
LH:12
BRDA:9,0,0,0
BRDA:9,0,1,0
BRDA:13,1,0,1
BRDA:13,1,1,2
BRDA:53,2,0,0
BRDA:53,2,1,0
BRDA:54,3,0,0
BRDA:54,3,1,0
BRDA:62,4,0,1
BRDA:62,4,1,2
BRDA:68,5,0,0
BRDA:68,5,1,1
BRDA:70,6,0,0
BRDA:70,6,1,1
BRF:14
BRH:6
end_of_record
TN:
SF:D:\Work\react in ruby\dandelion_shop\app\react\components\Account\ResetPassword.js
FN:4,ResetPassword
FNF:1
FNH:1
FNDA:1,ResetPassword
DA:5,1
LF:1
LH:1
BRF:0
BRH:0
end_of_record
TN:
SF:D:\Work\react in ruby\dandelion_shop\app\react\components\Account\SignUp.js
FN:4,SignUp
FNF:1
FNH:1
FNDA:1,SignUp
DA:5,1
LF:1
LH:1
BRF:0
BRH:0
end_of_record
TN:
SF:D:\Work\react in ruby\dandelion_shop\app\react\components\Header\Header.js
FN:4,(anonymous_0)
FN:10,(anonymous_1)
FN:18,(anonymous_2)
FNF:3
FNH:3
FNDA:2,(anonymous_0)
FNDA:2,(anonymous_1)
FNDA:4,(anonymous_2)
DA:5,2
DA:6,2
DA:11,2
DA:12,1
DA:15,1
DA:19,4
LF:6
LH:6
BRDA:11,0,0,1
BRDA:11,0,1,1
BRF:2
BRH:2
end_of_record
TN:
SF:D:\Work\react in ruby\dandelion_shop\app\react\components\Products\Product.js
FN:9,Product
FN:13,handleChange
FN:16,(anonymous_2)
FN:25,handleAddItem
FN:32,(anonymous_4)
FN:62,(anonymous_5)
FN:64,(anonymous_6)
FN:69,(anonymous_7)
FNF:8
FNH:1
FNDA:9,Product
FNDA:0,handleChange
FNDA:0,(anonymous_2)
FNDA:0,handleAddItem
FNDA:0,(anonymous_4)
FNDA:0,(anonymous_5)
FNDA:0,(anonymous_6)
FNDA:0,(anonymous_7)
DA:10,9
DA:11,9
DA:14,0
DA:17,0
DA:18,0
DA:21,0
DA:26,0
DA:27,0
DA:28,0
DA:30,0
DA:31,0
DA:32,0
DA:33,0
DA:34,0
DA:35,0
DA:39,0
DA:40,0
DA:44,0
DA:46,0
DA:49,9
DA:62,0
DA:64,0
DA:69,0
LF:23
LH:3
BRDA:17,0,0,0
BRDA:17,0,1,0
BRDA:30,1,0,0
BRDA:30,1,1,0
BRDA:33,2,0,0
BRDA:33,2,1,0
BRDA:39,3,0,0
BRDA:39,3,1,0
BRDA:52,4,0,5
BRDA:52,4,1,4
BRDA:62,5,0,8
BRDA:62,5,1,1
BRDA:63,6,0,7
BRDA:63,6,1,2
BRDA:68,7,0,0
BRDA:68,7,1,9
BRF:16
BRH:7
end_of_record
